<?xml version="1.0" encoding="UTF-8"?>
<!-- Generated by org.testng.reporters.JUnitXMLReporter -->
<testsuite ignored="0" hostname="Dell" failures="0" tests="2" name="Default test" time="0.157" errors="0" timestamp="2022-09-30T17:01:57 IST">
  <testcase classname="testFacebook.TestNG2" name="@BeforeTest LaunchBrowser" time="-1.66453751681E9">
    <failure type="org.testng.TestNGException" message="
Parameter &amp;apos;browser&amp;apos; is required by BeforeTest on method LaunchBrowser but has not been marked @Optional or defined
in C:\Windows\Temp\testng-eclipse--1152986170\testng-customsuite.xml">
      <![CDATA[org.testng.TestNGException: 
Parameter 'browser' is required by BeforeTest on method LaunchBrowser but has not been marked @Optional or defined
in C:\Windows\Temp\testng-eclipse--1152986170\testng-customsuite.xml
at org.testng.internal.Parameters.createParams(Parameters.java:268)
at org.testng.internal.Parameters.createParametersForMethod(Parameters.java:356)
at org.testng.internal.Parameters.createParameters(Parameters.java:700)
at org.testng.internal.Parameters.createConfigurationParameters(Parameters.java:166)
at org.testng.internal.ConfigInvoker.invokeConfigurations(ConfigInvoker.java:301)
at org.testng.TestRunner.invokeTestConfigurations(TestRunner.java:617)
at org.testng.TestRunner.beforeRun(TestRunner.java:607)
at org.testng.TestRunner.run(TestRunner.java:578)
at org.testng.SuiteRunner.runTest(SuiteRunner.java:384)
at org.testng.SuiteRunner.runSequentially(SuiteRunner.java:378)
at org.testng.SuiteRunner.privateRun(SuiteRunner.java:337)
at org.testng.SuiteRunner.run(SuiteRunner.java:286)
at org.testng.SuiteRunnerWorker.runSuite(SuiteRunnerWorker.java:53)
at org.testng.SuiteRunnerWorker.run(SuiteRunnerWorker.java:96)
at org.testng.TestNG.runSuitesSequentially(TestNG.java:1218)
at org.testng.TestNG.runSuitesLocally(TestNG.java:1140)
at org.testng.TestNG.runSuites(TestNG.java:1069)
at org.testng.TestNG.run(TestNG.java:1037)
at org.testng.remote.AbstractRemoteTestNG.run(AbstractRemoteTestNG.java:115)
at org.testng.remote.RemoteTestNG.initAndRun(RemoteTestNG.java:251)
at org.testng.remote.RemoteTestNG.main(RemoteTestNG.java:77)
]]>
    </failure>
  </testcase> <!-- @BeforeTest LaunchBrowser -->
  <testcase classname="testFacebook.TestNG2" name="@BeforeClass launchBrowser" time="-1.664537516887E9">
    <skipped/>
  </testcase> <!-- @BeforeClass launchBrowser -->
  <testcase classname="testFacebook.TestNG2" name="@BeforeMethod beforeMethod" time="-1.664537516905E9">
    <skipped/>
  </testcase> <!-- @BeforeMethod beforeMethod -->
  <testcase classname="testFacebook.TestNG2" name="@AfterMethod afterMethod" time="-1.664537516916E9">
    <skipped/>
  </testcase> <!-- @AfterMethod afterMethod -->
  <testcase classname="testFacebook.TestNG2" name="@BeforeMethod beforeMethod" time="-1.664537516942E9">
    <skipped/>
  </testcase> <!-- @BeforeMethod beforeMethod -->
  <testcase classname="testFacebook.TestNG2" name="@AfterMethod afterMethod" time="-1.664537516948E9">
    <skipped/>
  </testcase> <!-- @AfterMethod afterMethod -->
  <testcase classname="testFacebook.TestNG2" name="@AfterClass removeObjects" time="-1.664537516952E9">
    <skipped/>
  </testcase> <!-- @AfterClass removeObjects -->
  <testcase classname="testFacebook.TestNG2" name="@AfterTest afterTest" time="-1.664537516955E9">
    <skipped/>
  </testcase> <!-- @AfterTest afterTest -->
  <testcase classname="testFacebook.TestNG2" name="Verify_clickOnFeatureButton" time="0.0">
    <skipped/>
  </testcase> <!-- Verify_clickOnFeatureButton -->
  <testcase classname="testFacebook.TestNG2" name="Verify_clickOnDesktopAppButton" time="0.0">
    <skipped/>
  </testcase> <!-- Verify_clickOnDesktopAppButton -->
</testsuite> <!-- Default test -->
