<?xml version="1.0" encoding="UTF-8"?>
<!-- Generated by org.testng.reporters.JUnitXMLReporter -->
<testsuite ignored="0" hostname="Dell" failures="1" tests="4" name="ChromeTest12345" time="88.636" errors="0" timestamp="2022-09-23T16:09:46 IST">
  <testcase classname="testFacebook.TestNG1" name="Verify_ReturnToMessenger_button" time="4.619"/>
  <testcase classname="testFacebook.TestNG1" name="Verify_VisitToHelpCenter_button" time="8.974"/>
  <testcase classname="testFacebook.TestNG2" name="Verify_clickOnFeatureButton" time="3.046">
    <failure type="java.lang.AssertionError" message="The following asserts failed:
	null">
      <![CDATA[java.lang.AssertionError: The following asserts failed:
null
at testFacebook.TestNG2.Verify_clickOnFeatureButton(TestNG2.java:47)
at java.base/java.util.ArrayList.forEach(ArrayList.java:1511)
... Removed 27 stack frames]]>
    </failure>
  </testcase> <!-- Verify_clickOnFeatureButton -->
  <testcase classname="testFacebook.TestNG2" name="Verify_clickOnDesktopAppButton" time="0.195"/>
</testsuite> <!-- ChromeTest12345 -->
