<?xml version="1.0" encoding="UTF-8"?>
<testng-results ignored="0" total="2" passed="0" failed="0" skipped="2">
  <reporter-output>
  </reporter-output>
  <suite started-at="2022-09-30T17:10:34 IST" name="Suite12345" finished-at="2022-09-30T17:11:03 IST" duration-ms="28595">
    <groups>
    </groups>
    <test started-at="2022-09-30T17:10:34 IST" name="ChromeTest" finished-at="2022-09-30T17:10:46 IST" duration-ms="11604">
      <class name="testFacebook.TestNG1">
        <test-method is-config="true" signature="LaunchBrowser(java.lang.String)[pri:0, instance:testFacebook.TestNG1@39529185]" started-at="2022-09-30T17:10:34 IST" name="LaunchBrowser" finished-at="2022-09-30T17:10:40 IST" duration-ms="6060" status="PASS">
          <params>
            <param index="0">
              <value>
                <![CDATA[Chrome]]>
              </value>
            </param>
          </params>
          <reporter-output>
          </reporter-output>
        </test-method> <!-- LaunchBrowser -->
        <test-method is-config="true" signature="createPOMObjects()[pri:0, instance:testFacebook.TestNG1@39529185]" started-at="2022-09-30T17:10:40 IST" name="createPOMObjects" finished-at="2022-09-30T17:10:40 IST" duration-ms="68" status="PASS">
          <reporter-output>
          </reporter-output>
        </test-method> <!-- createPOMObjects -->
        <test-method is-config="true" signature="OpenRoomsPage()[pri:0, instance:testFacebook.TestNG1@39529185]" started-at="2022-09-30T17:10:40 IST" name="OpenRoomsPage" finished-at="2022-09-30T17:10:46 IST" duration-ms="5384" status="FAIL">
          <exception class="java.io.FileNotFoundException">
            <message>
              <![CDATA[C:\Users\Onyx\Desktop\NewProgrmExel.xlsx (The system cannot find the file specified)]]>
            </message>
            <full-stacktrace>
              <![CDATA[java.io.FileNotFoundException: C:\Users\Onyx\Desktop\NewProgrmExel.xlsx (The system cannot find the file specified)
at java.base/java.io.FileInputStream.open0(Native Method)
at java.base/java.io.FileInputStream.open(FileInputStream.java:216)
at java.base/java.io.FileInputStream.<init>(FileInputStream.java:157)
at java.base/java.io.FileInputStream.<init>(FileInputStream.java:111)
at utils.utility.getExcelSheetData(utility.java:41)
at testFacebook.TestNG1.OpenRoomsPage(TestNG1.java:63)
at java.base/jdk.internal.reflect.DirectMethodHandleAccessor.invoke(DirectMethodHandleAccessor.java:104)
at java.base/java.lang.reflect.Method.invoke(Method.java:577)
at org.testng.internal.MethodInvocationHelper.invokeMethod(MethodInvocationHelper.java:132)
at org.testng.internal.MethodInvocationHelper.invokeMethodConsideringTimeout(MethodInvocationHelper.java:61)
at org.testng.internal.ConfigInvoker.invokeConfigurationMethod(ConfigInvoker.java:366)
at org.testng.internal.ConfigInvoker.invokeConfigurations(ConfigInvoker.java:320)
at org.testng.internal.TestInvoker.runConfigMethods(TestInvoker.java:701)
at org.testng.internal.TestInvoker.invokeMethod(TestInvoker.java:527)
at org.testng.internal.TestInvoker.invokeTestMethod(TestInvoker.java:174)
at org.testng.internal.MethodRunner.runInSequence(MethodRunner.java:46)
at org.testng.internal.TestInvoker$MethodInvocationAgent.invoke(TestInvoker.java:822)
at org.testng.internal.TestInvoker.invokeTestMethods(TestInvoker.java:147)
at org.testng.internal.TestMethodWorker.invokeTestMethods(TestMethodWorker.java:146)
at org.testng.internal.TestMethodWorker.run(TestMethodWorker.java:128)
at java.base/java.util.concurrent.ThreadPoolExecutor.runWorker(ThreadPoolExecutor.java:1136)
at java.base/java.util.concurrent.ThreadPoolExecutor$Worker.run(ThreadPoolExecutor.java:635)
at java.base/java.lang.Thread.run(Thread.java:833)
]]>
            </full-stacktrace>
          </exception> <!-- java.io.FileNotFoundException -->
          <reporter-output>
          </reporter-output>
        </test-method> <!-- OpenRoomsPage -->
        <test-method signature="Verify_ReturnToMessenger_button()[pri:0, instance:testFacebook.TestNG1@39529185]" started-at="2022-09-30T17:10:46 IST" name="Verify_ReturnToMessenger_button" finished-at="2022-09-30T17:10:46 IST" duration-ms="0" status="SKIP">
          <exception class="java.io.FileNotFoundException">
            <message>
              <![CDATA[C:\Users\Onyx\Desktop\NewProgrmExel.xlsx (The system cannot find the file specified)]]>
            </message>
            <full-stacktrace>
              <![CDATA[java.io.FileNotFoundException: C:\Users\Onyx\Desktop\NewProgrmExel.xlsx (The system cannot find the file specified)
at java.base/java.io.FileInputStream.open0(Native Method)
at java.base/java.io.FileInputStream.open(FileInputStream.java:216)
at java.base/java.io.FileInputStream.<init>(FileInputStream.java:157)
at java.base/java.io.FileInputStream.<init>(FileInputStream.java:111)
at utils.utility.getExcelSheetData(utility.java:41)
at testFacebook.TestNG1.OpenRoomsPage(TestNG1.java:63)
at java.base/jdk.internal.reflect.DirectMethodHandleAccessor.invoke(DirectMethodHandleAccessor.java:104)
at java.base/java.lang.reflect.Method.invoke(Method.java:577)
at org.testng.internal.MethodInvocationHelper.invokeMethod(MethodInvocationHelper.java:132)
at org.testng.internal.MethodInvocationHelper.invokeMethodConsideringTimeout(MethodInvocationHelper.java:61)
at org.testng.internal.ConfigInvoker.invokeConfigurationMethod(ConfigInvoker.java:366)
at org.testng.internal.ConfigInvoker.invokeConfigurations(ConfigInvoker.java:320)
at org.testng.internal.TestInvoker.runConfigMethods(TestInvoker.java:701)
at org.testng.internal.TestInvoker.invokeMethod(TestInvoker.java:527)
at org.testng.internal.TestInvoker.invokeTestMethod(TestInvoker.java:174)
at org.testng.internal.MethodRunner.runInSequence(MethodRunner.java:46)
at org.testng.internal.TestInvoker$MethodInvocationAgent.invoke(TestInvoker.java:822)
at org.testng.internal.TestInvoker.invokeTestMethods(TestInvoker.java:147)
at org.testng.internal.TestMethodWorker.invokeTestMethods(TestMethodWorker.java:146)
at org.testng.internal.TestMethodWorker.run(TestMethodWorker.java:128)
at java.base/java.util.concurrent.ThreadPoolExecutor.runWorker(ThreadPoolExecutor.java:1136)
at java.base/java.util.concurrent.ThreadPoolExecutor$Worker.run(ThreadPoolExecutor.java:635)
at java.base/java.lang.Thread.run(Thread.java:833)
]]>
            </full-stacktrace>
          </exception> <!-- java.io.FileNotFoundException -->
          <reporter-output>
          </reporter-output>
        </test-method> <!-- Verify_ReturnToMessenger_button -->
        <test-method is-config="true" signature="removeObjects()[pri:0, instance:testFacebook.TestNG1@39529185]" started-at="2022-09-30T17:10:46 IST" name="removeObjects" finished-at="1970-01-01T05:30:00 IST" duration-ms="-1664538046332" status="SKIP">
          <reporter-output>
          </reporter-output>
        </test-method> <!-- removeObjects -->
        <test-method is-config="true" signature="afterTest()[pri:0, instance:testFacebook.TestNG1@39529185]" started-at="2022-09-30T17:10:46 IST" name="afterTest" finished-at="1970-01-01T05:30:00 IST" duration-ms="-1664538046336" status="SKIP">
          <reporter-output>
          </reporter-output>
        </test-method> <!-- afterTest -->
      </class> <!-- testFacebook.TestNG1 -->
    </test> <!-- ChromeTest -->
    <test started-at="2022-09-30T17:10:46 IST" name="Firefox" finished-at="2022-09-30T17:11:03 IST" duration-ms="16937">
      <class name="testFacebook.TestNG1">
        <test-method is-config="true" signature="LaunchBrowser(java.lang.String)[pri:0, instance:testFacebook.TestNG1@498d318c]" started-at="2022-09-30T17:10:46 IST" name="LaunchBrowser" finished-at="2022-09-30T17:10:55 IST" duration-ms="9167" status="PASS">
          <params>
            <param index="0">
              <value>
                <![CDATA[Firefox]]>
              </value>
            </param>
          </params>
          <reporter-output>
          </reporter-output>
        </test-method> <!-- LaunchBrowser -->
        <test-method is-config="true" signature="createPOMObjects()[pri:0, instance:testFacebook.TestNG1@498d318c]" started-at="2022-09-30T17:10:55 IST" name="createPOMObjects" finished-at="2022-09-30T17:10:55 IST" duration-ms="1" status="PASS">
          <reporter-output>
          </reporter-output>
        </test-method> <!-- createPOMObjects -->
        <test-method is-config="true" signature="OpenRoomsPage()[pri:0, instance:testFacebook.TestNG1@498d318c]" started-at="2022-09-30T17:10:55 IST" name="OpenRoomsPage" finished-at="2022-09-30T17:11:03 IST" duration-ms="7731" status="FAIL">
          <exception class="java.io.FileNotFoundException">
            <message>
              <![CDATA[C:\Users\Onyx\Desktop\NewProgrmExel.xlsx (The system cannot find the file specified)]]>
            </message>
            <full-stacktrace>
              <![CDATA[java.io.FileNotFoundException: C:\Users\Onyx\Desktop\NewProgrmExel.xlsx (The system cannot find the file specified)
at java.base/java.io.FileInputStream.open0(Native Method)
at java.base/java.io.FileInputStream.open(FileInputStream.java:216)
at java.base/java.io.FileInputStream.<init>(FileInputStream.java:157)
at java.base/java.io.FileInputStream.<init>(FileInputStream.java:111)
at utils.utility.getExcelSheetData(utility.java:41)
at testFacebook.TestNG1.OpenRoomsPage(TestNG1.java:63)
at java.base/jdk.internal.reflect.DirectMethodHandleAccessor.invoke(DirectMethodHandleAccessor.java:104)
at java.base/java.lang.reflect.Method.invoke(Method.java:577)
at org.testng.internal.MethodInvocationHelper.invokeMethod(MethodInvocationHelper.java:132)
at org.testng.internal.MethodInvocationHelper.invokeMethodConsideringTimeout(MethodInvocationHelper.java:61)
at org.testng.internal.ConfigInvoker.invokeConfigurationMethod(ConfigInvoker.java:366)
at org.testng.internal.ConfigInvoker.invokeConfigurations(ConfigInvoker.java:320)
at org.testng.internal.TestInvoker.runConfigMethods(TestInvoker.java:701)
at org.testng.internal.TestInvoker.invokeMethod(TestInvoker.java:527)
at org.testng.internal.TestInvoker.invokeTestMethod(TestInvoker.java:174)
at org.testng.internal.MethodRunner.runInSequence(MethodRunner.java:46)
at org.testng.internal.TestInvoker$MethodInvocationAgent.invoke(TestInvoker.java:822)
at org.testng.internal.TestInvoker.invokeTestMethods(TestInvoker.java:147)
at org.testng.internal.TestMethodWorker.invokeTestMethods(TestMethodWorker.java:146)
at org.testng.internal.TestMethodWorker.run(TestMethodWorker.java:128)
at java.base/java.util.concurrent.ThreadPoolExecutor.runWorker(ThreadPoolExecutor.java:1136)
at java.base/java.util.concurrent.ThreadPoolExecutor$Worker.run(ThreadPoolExecutor.java:635)
at java.base/java.lang.Thread.run(Thread.java:833)
]]>
            </full-stacktrace>
          </exception> <!-- java.io.FileNotFoundException -->
          <reporter-output>
          </reporter-output>
        </test-method> <!-- OpenRoomsPage -->
        <test-method signature="Verify_ReturnToMessenger_button()[pri:0, instance:testFacebook.TestNG1@498d318c]" started-at="2022-09-30T17:11:03 IST" name="Verify_ReturnToMessenger_button" finished-at="2022-09-30T17:11:03 IST" duration-ms="0" status="SKIP">
          <exception class="java.io.FileNotFoundException">
            <message>
              <![CDATA[C:\Users\Onyx\Desktop\NewProgrmExel.xlsx (The system cannot find the file specified)]]>
            </message>
            <full-stacktrace>
              <![CDATA[java.io.FileNotFoundException: C:\Users\Onyx\Desktop\NewProgrmExel.xlsx (The system cannot find the file specified)
at java.base/java.io.FileInputStream.open0(Native Method)
at java.base/java.io.FileInputStream.open(FileInputStream.java:216)
at java.base/java.io.FileInputStream.<init>(FileInputStream.java:157)
at java.base/java.io.FileInputStream.<init>(FileInputStream.java:111)
at utils.utility.getExcelSheetData(utility.java:41)
at testFacebook.TestNG1.OpenRoomsPage(TestNG1.java:63)
at java.base/jdk.internal.reflect.DirectMethodHandleAccessor.invoke(DirectMethodHandleAccessor.java:104)
at java.base/java.lang.reflect.Method.invoke(Method.java:577)
at org.testng.internal.MethodInvocationHelper.invokeMethod(MethodInvocationHelper.java:132)
at org.testng.internal.MethodInvocationHelper.invokeMethodConsideringTimeout(MethodInvocationHelper.java:61)
at org.testng.internal.ConfigInvoker.invokeConfigurationMethod(ConfigInvoker.java:366)
at org.testng.internal.ConfigInvoker.invokeConfigurations(ConfigInvoker.java:320)
at org.testng.internal.TestInvoker.runConfigMethods(TestInvoker.java:701)
at org.testng.internal.TestInvoker.invokeMethod(TestInvoker.java:527)
at org.testng.internal.TestInvoker.invokeTestMethod(TestInvoker.java:174)
at org.testng.internal.MethodRunner.runInSequence(MethodRunner.java:46)
at org.testng.internal.TestInvoker$MethodInvocationAgent.invoke(TestInvoker.java:822)
at org.testng.internal.TestInvoker.invokeTestMethods(TestInvoker.java:147)
at org.testng.internal.TestMethodWorker.invokeTestMethods(TestMethodWorker.java:146)
at org.testng.internal.TestMethodWorker.run(TestMethodWorker.java:128)
at java.base/java.util.concurrent.ThreadPoolExecutor.runWorker(ThreadPoolExecutor.java:1136)
at java.base/java.util.concurrent.ThreadPoolExecutor$Worker.run(ThreadPoolExecutor.java:635)
at java.base/java.lang.Thread.run(Thread.java:833)
]]>
            </full-stacktrace>
          </exception> <!-- java.io.FileNotFoundException -->
          <reporter-output>
          </reporter-output>
        </test-method> <!-- Verify_ReturnToMessenger_button -->
        <test-method is-config="true" signature="removeObjects()[pri:0, instance:testFacebook.TestNG1@498d318c]" started-at="2022-09-30T17:11:03 IST" name="removeObjects" finished-at="1970-01-01T05:30:00 IST" duration-ms="-1664538063317" status="SKIP">
          <reporter-output>
          </reporter-output>
        </test-method> <!-- removeObjects -->
        <test-method is-config="true" signature="afterTest()[pri:0, instance:testFacebook.TestNG1@498d318c]" started-at="2022-09-30T17:11:03 IST" name="afterTest" finished-at="1970-01-01T05:30:00 IST" duration-ms="-1664538063326" status="SKIP">
          <reporter-output>
          </reporter-output>
        </test-method> <!-- afterTest -->
      </class> <!-- testFacebook.TestNG1 -->
    </test> <!-- Firefox -->
  </suite> <!-- Suite12345 -->
</testng-results>
