<?xml version="1.0" encoding="UTF-8"?>
<!-- Generated by org.testng.reporters.JUnitReportReporter -->
<testsuite hostname="Dell" failures="0" tests="3" name="testFacebook.TestNG2" time="-1664537472.000" errors="1" timestamp="2022-09-30T17:01:57 IST" skipped="2">
  <testcase classname="testFacebook.TestNG2" name="LaunchBrowser" time="-1664537472.000">
    <error message="
Parameter &#039;browser&#039; is required by BeforeTest on method LaunchBrowser but has not been marked @Optional or defined
in C:\Windows\Temp\testng-eclipse--1152986170\testng-customsuite.xml" type="org.testng.TestNGException">
      <![CDATA[org.testng.TestNGException: 
Parameter 'browser' is required by BeforeTest on method LaunchBrowser but has not been marked @Optional or defined
in C:\Windows\Temp\testng-eclipse--1152986170\testng-customsuite.xml
at org.testng.internal.Parameters.createParams(Parameters.java:268)
at org.testng.internal.Parameters.createParametersForMethod(Parameters.java:356)
at org.testng.internal.Parameters.createParameters(Parameters.java:700)
at org.testng.internal.Parameters.createConfigurationParameters(Parameters.java:166)
at org.testng.internal.ConfigInvoker.invokeConfigurations(ConfigInvoker.java:301)
at org.testng.TestRunner.invokeTestConfigurations(TestRunner.java:617)
at org.testng.TestRunner.beforeRun(TestRunner.java:607)
at org.testng.TestRunner.run(TestRunner.java:578)
at org.testng.SuiteRunner.runTest(SuiteRunner.java:384)
at org.testng.SuiteRunner.runSequentially(SuiteRunner.java:378)
at org.testng.SuiteRunner.privateRun(SuiteRunner.java:337)
at org.testng.SuiteRunner.run(SuiteRunner.java:286)
at org.testng.SuiteRunnerWorker.runSuite(SuiteRunnerWorker.java:53)
at org.testng.SuiteRunnerWorker.run(SuiteRunnerWorker.java:96)
at org.testng.TestNG.runSuitesSequentially(TestNG.java:1218)
at org.testng.TestNG.runSuitesLocally(TestNG.java:1140)
at org.testng.TestNG.runSuites(TestNG.java:1069)
at org.testng.TestNG.run(TestNG.java:1037)
at org.testng.remote.AbstractRemoteTestNG.run(AbstractRemoteTestNG.java:115)
at org.testng.remote.RemoteTestNG.initAndRun(RemoteTestNG.java:251)
at org.testng.remote.RemoteTestNG.main(RemoteTestNG.java:77)
]]>
    </error>
  </testcase> <!-- LaunchBrowser -->
  <system-out/>
  <testcase classname="testFacebook.TestNG2" name="Verify_clickOnFeatureButton" time="0.000">
    <skipped/>
  </testcase> <!-- Verify_clickOnFeatureButton -->
  <system-out/>
  <testcase classname="testFacebook.TestNG2" name="Verify_clickOnDesktopAppButton" time="0.000">
    <skipped/>
  </testcase> <!-- Verify_clickOnDesktopAppButton -->
  <system-out/>
</testsuite> <!-- testFacebook.TestNG2 -->
